c:\users\damian darczuk\desktop\hlaunity-master\hlaunity-master\hla_plugin\bin\build\release\vc141.pdb
c:\users\damian darczuk\desktop\hlaunity-master\hlaunity-master\hla_plugin\bin\build\release\hlafederate.obj
c:\users\damian darczuk\desktop\hlaunity-master\hlaunity-master\hla_plugin\bin\build\release\hlaplugin_x64.lib
c:\users\damian darczuk\desktop\hlaunity-master\hlaunity-master\hla_plugin\bin\build\release\hlaplugin_x64.exp
c:\users\damian darczuk\desktop\hlaunity-master\hlaunity-master\hla_plugin\bin\build\release\hlaplugin_x64.ipdb
c:\users\damian darczuk\desktop\hlaunity-master\hlaunity-master\hla_plugin\bin\build\release\hlaplugin_x64.iobj
c:\users\damian darczuk\desktop\hlaunity-master\hlaunity-master\hla_plugin\bin\build\release\hlaplugin_x64.dll
c:\users\damian darczuk\desktop\hlaunity-master\hlaunity-master\hla_plugin\bin\build\release\hlaplugin_x64.pdb
c:\users\damian darczuk\desktop\hlaunity-master\hlaunity-master\hla_plugin\bin\build\release\main.obj
c:\users\damian darczuk\desktop\hlaunity-master\hlaunity-master\hla_plugin\bin\build\release\square.xml
c:\users\damian darczuk\desktop\hlaunity-master\hlaunity-master\hla_plugin\/bin/build/release/hlaplugin_x64.pdb
c:\users\damian darczuk\desktop\hlaunity-master\hlaunity-master\hla_plugin\/bin/build/release/hlaplugin_x64.dll
c:\users\damian darczuk\desktop\hlaunity-master\hlaunity-master\hla_plugin\bin\build\release\hlaplugin.tlog\cl.command.1.tlog
c:\users\damian darczuk\desktop\hlaunity-master\hlaunity-master\hla_plugin\bin\build\release\hlaplugin.tlog\cl.read.1.tlog
c:\users\damian darczuk\desktop\hlaunity-master\hlaunity-master\hla_plugin\bin\build\release\hlaplugin.tlog\cl.write.1.tlog
c:\users\damian darczuk\desktop\hlaunity-master\hlaunity-master\hla_plugin\bin\build\release\hlaplugin.tlog\hlaplugin.write.1u.tlog
c:\users\damian darczuk\desktop\hlaunity-master\hlaunity-master\hla_plugin\bin\build\release\hlaplugin.tlog\link.command.1.tlog
c:\users\damian darczuk\desktop\hlaunity-master\hlaunity-master\hla_plugin\bin\build\release\hlaplugin.tlog\link.delete.1.tlog
c:\users\damian darczuk\desktop\hlaunity-master\hlaunity-master\hla_plugin\bin\build\release\hlaplugin.tlog\link.read.1.tlog
c:\users\damian darczuk\desktop\hlaunity-master\hlaunity-master\hla_plugin\bin\build\release\hlaplugin.tlog\link.write.1.tlog
